<?xml version="1.0" encoding="UTF-8"?>
<!-- Generated by org.testng.reporters.JUnitReportReporter -->
<testsuite skipped="0" hostname="Ankur-PC" name="MyJenkinsTest.MyJenkinsTest" tests="1" failures="0" timestamp="14 Sep 2019 07:30:16 GMT" time="10.316" errors="0">
  <testcase name="VerifyTitle" time="10.316" classname="MyJenkinsTest.MyJenkinsTest"/>
</testsuite> <!-- MyJenkinsTest.MyJenkinsTest -->
