<?xml version="1.0" encoding="UTF-8"?>
<!-- Generated by org.testng.reporters.JUnitReportReporter -->
<testsuite hostname="Ankur-PC" name="MyJenkinsTest.MyJenkinsTest" tests="1" failures="0" timestamp="22 Sep 2019 05:56:08 GMT" time="42.058" errors="0">
  <testcase name="VerifyTitle" time="42.058" classname="MyJenkinsTest.MyJenkinsTest"/>
</testsuite> <!-- MyJenkinsTest.MyJenkinsTest -->
